<?xml version="1.0" encoding="UTF-8"?>
<!-- Generated by org.testng.reporters.JUnitXMLReporter -->
<testsuite ignored="1" hostname="task" failures="1" tests="1" name="openBrowserSunHubQuit" time="0.024" errors="0" timestamp="2025-09-12T22:23:31 BST">
  <testcase classname="testcases.Session" name="doLogin1" time="0.003">
    <failure type="java.lang.NullPointerException" message="Cannot invoke &amp;quot;com.aventstack.extentreports.ExtentTest.log(com.aventstack.extentreports.Status, String)&amp;quot; because &amp;quot;this.test&amp;quot; is null">
      <![CDATA[java.lang.NullPointerException: Cannot invoke "com.aventstack.extentreports.ExtentTest.log(com.aventstack.extentreports.Status, String)" because "this.test" is null
at keywords.ApplicationKeywords.openBrowser(ApplicationKeywords.java:27)
at testcases.Session.doLogin1(Session.java:24)
at java.base/java.util.ArrayList.forEach(ArrayList.java:1596)
... Removed 25 stack frames]]>
    </failure>
  </testcase> <!-- doLogin1 -->
  <testcase classname="testcases.Session" name="doLogin" time="0.0">
    <ignored/>
  </testcase> <!-- doLogin -->
</testsuite> <!-- openBrowserSunHubQuit -->
